2023-08-16T15:01:46.773566+00:00 INFO 'ansible_navigator.setup_logger' New ansible-navigator instance, logging initialized
2023-08-16T15:01:46.773798+00:00 INFO 'ansible_navigator.setup_logger' New ansible-runner instance, logging initialized
2023-08-16T15:01:46.773843+00:00 DEBUG 'ansible_navigator.main' ansible-builder==1.1.0 /usr/lib/python3.9/site-packages
2023-08-16T15:01:46.773873+00:00 DEBUG 'ansible_navigator.main' ansible-core==2.13.0 /usr/lib/python3.9/site-packages
2023-08-16T15:01:46.773895+00:00 DEBUG 'ansible_navigator.main' ansible-navigator==2.1.0 /usr/lib/python3.9/site-packages
2023-08-16T15:01:46.773915+00:00 DEBUG 'ansible_navigator.main' ansible-runner==2.2.0 /usr/lib/python3.9/site-packages
2023-08-16T15:01:46.773933+00:00 DEBUG 'ansible_navigator.main' attrs==21.4.0 /usr/lib/python3.9/site-packages
2023-08-16T15:01:46.773952+00:00 DEBUG 'ansible_navigator.main' babel==2.9.1 /usr/lib/python3.9/site-packages
2023-08-16T15:01:46.773970+00:00 DEBUG 'ansible_navigator.main' bindep==2.10.2 /usr/lib/python3.9/site-packages
2023-08-16T15:01:46.773987+00:00 DEBUG 'ansible_navigator.main' brlapi==0.8.2 /usr/lib64/python3.9/site-packages
2023-08-16T15:01:46.774005+00:00 DEBUG 'ansible_navigator.main' certifi==2020.6.20 /usr/lib/python3.9/site-packages
2023-08-16T15:01:46.774028+00:00 DEBUG 'ansible_navigator.main' cffi==1.15.0 /usr/lib64/python3.9/site-packages
2023-08-16T15:01:46.774048+00:00 DEBUG 'ansible_navigator.main' chardet==4.0.0 /usr/lib/python3.9/site-packages
2023-08-16T15:01:46.774066+00:00 DEBUG 'ansible_navigator.main' charset-normalizer==2.0.11 /usr/lib/python3.9/site-packages
2023-08-16T15:01:46.774083+00:00 DEBUG 'ansible_navigator.main' chrome-gnome-shell==0.0.0 /usr/lib/python3.9/site-packages
2023-08-16T15:01:46.774101+00:00 DEBUG 'ansible_navigator.main' cloud-init==21.1 /usr/lib/python3.9/site-packages
2023-08-16T15:01:46.774118+00:00 DEBUG 'ansible_navigator.main' configobj==5.0.6 /usr/lib/python3.9/site-packages
2023-08-16T15:01:46.774136+00:00 DEBUG 'ansible_navigator.main' cryptography==36.0.1 /usr/lib64/python3.9/site-packages
2023-08-16T15:01:46.774153+00:00 DEBUG 'ansible_navigator.main' cupshelpers==1.0 /usr/lib/python3.9/site-packages
2023-08-16T15:01:46.774170+00:00 DEBUG 'ansible_navigator.main' dasbus==1.4 /usr/lib/python3.9/site-packages
2023-08-16T15:01:46.774187+00:00 DEBUG 'ansible_navigator.main' dbus-python==1.2.18 /usr/lib64/python3.9/site-packages
2023-08-16T15:01:46.774205+00:00 DEBUG 'ansible_navigator.main' decorator==4.4.2 /usr/lib/python3.9/site-packages
2023-08-16T15:01:46.774222+00:00 DEBUG 'ansible_navigator.main' distlib==0.3.4 /usr/local/lib/python3.9/site-packages
2023-08-16T15:01:46.774239+00:00 DEBUG 'ansible_navigator.main' distro==1.6.0 /usr/lib/python3.9/site-packages
2023-08-16T15:01:46.774257+00:00 DEBUG 'ansible_navigator.main' docutils==0.16 /usr/lib/python3.9/site-packages
2023-08-16T15:01:46.774274+00:00 DEBUG 'ansible_navigator.main' ethtool==0.15 /usr/lib64/python3.9/site-packages
2023-08-16T15:01:46.774291+00:00 DEBUG 'ansible_navigator.main' file-magic==0.4.0 /usr/lib/python3.9/site-packages
2023-08-16T15:01:46.774309+00:00 DEBUG 'ansible_navigator.main' filelock==3.7.0 /usr/local/lib/python3.9/site-packages
2023-08-16T15:01:46.774327+00:00 DEBUG 'ansible_navigator.main' gpg==1.15.1 /usr/lib64/python3.9/site-packages
2023-08-16T15:01:46.774344+00:00 DEBUG 'ansible_navigator.main' idna==3.3 /usr/lib/python3.9/site-packages
2023-08-16T15:01:46.774362+00:00 DEBUG 'ansible_navigator.main' iniparse==0.4 /usr/lib/python3.9/site-packages
2023-08-16T15:01:46.774379+00:00 DEBUG 'ansible_navigator.main' jinja2==3.0.3 /usr/lib/python3.9/site-packages
2023-08-16T15:01:46.774397+00:00 DEBUG 'ansible_navigator.main' jsonpatch==1.21 /usr/lib/python3.9/site-packages
2023-08-16T15:01:46.774414+00:00 DEBUG 'ansible_navigator.main' jsonpointer==2.0 /usr/lib/python3.9/site-packages
2023-08-16T15:01:46.774432+00:00 DEBUG 'ansible_navigator.main' jsonschema==3.2.0 /usr/lib/python3.9/site-packages
2023-08-16T15:01:46.774449+00:00 DEBUG 'ansible_navigator.main' libcomps==0.1.18 /usr/lib64/python3.9/site-packages
2023-08-16T15:01:46.774470+00:00 DEBUG 'ansible_navigator.main' lockfile==0.12.2 /usr/lib/python3.9/site-packages
2023-08-16T15:01:46.774489+00:00 DEBUG 'ansible_navigator.main' lxml==4.6.5 /usr/lib64/python3.9/site-packages
2023-08-16T15:01:46.774506+00:00 DEBUG 'ansible_navigator.main' markupsafe==2.1.0 /usr/lib64/python3.9/site-packages
2023-08-16T15:01:46.774524+00:00 DEBUG 'ansible_navigator.main' netifaces==0.10.6 /usr/lib64/python3.9/site-packages
2023-08-16T15:01:46.774541+00:00 DEBUG 'ansible_navigator.main' nftables==0.1 /usr/lib/python3.9/site-packages
2023-08-16T15:01:46.774558+00:00 DEBUG 'ansible_navigator.main' oauthlib==3.1.1 /usr/lib/python3.9/site-packages
2023-08-16T15:01:46.774575+00:00 DEBUG 'ansible_navigator.main' onigurumacffi==1.1.0 /usr/lib64/python3.9/site-packages
2023-08-16T15:01:46.774592+00:00 DEBUG 'ansible_navigator.main' packaging==21.2 /usr/lib/python3.9/site-packages
2023-08-16T15:01:46.774609+00:00 DEBUG 'ansible_navigator.main' parsley==1.3 /usr/lib/python3.9/site-packages
2023-08-16T15:01:46.774626+00:00 DEBUG 'ansible_navigator.main' pbr==5.8.1 /usr/lib/python3.9/site-packages
2023-08-16T15:01:46.774643+00:00 DEBUG 'ansible_navigator.main' perf==0.1 /usr/lib64/python3.9/site-packages
2023-08-16T15:01:46.774660+00:00 DEBUG 'ansible_navigator.main' pexpect==4.8.0 /usr/lib/python3.9/site-packages
2023-08-16T15:01:46.774677+00:00 DEBUG 'ansible_navigator.main' pip==21.2.3 /usr/lib/python3.9/site-packages
2023-08-16T15:01:46.774695+00:00 DEBUG 'ansible_navigator.main' platformdirs==2.5.2 /usr/local/lib/python3.9/site-packages
2023-08-16T15:01:46.774712+00:00 DEBUG 'ansible_navigator.main' ply==3.11 /usr/lib/python3.9/site-packages
2023-08-16T15:01:46.774729+00:00 DEBUG 'ansible_navigator.main' prettytable==0.7.2 /usr/lib/python3.9/site-packages
2023-08-16T15:01:46.774746+00:00 DEBUG 'ansible_navigator.main' psutil==5.8.0 /usr/lib64/python3.9/site-packages
2023-08-16T15:01:46.774763+00:00 DEBUG 'ansible_navigator.main' ptyprocess==0.6.0 /usr/lib/python3.9/site-packages
2023-08-16T15:01:46.774780+00:00 DEBUG 'ansible_navigator.main' pycairo==1.20.0 /usr/lib64/python3.9/site-packages
2023-08-16T15:01:46.774797+00:00 DEBUG 'ansible_navigator.main' pycparser==2.21 /usr/lib/python3.9/site-packages
2023-08-16T15:01:46.774814+00:00 DEBUG 'ansible_navigator.main' pycups==2.0.1 /usr/lib64/python3.9/site-packages
2023-08-16T15:01:46.774837+00:00 DEBUG 'ansible_navigator.main' pycurl==7.43.0.6 /usr/lib64/python3.9/site-packages
2023-08-16T15:01:46.774859+00:00 DEBUG 'ansible_navigator.main' pyenchant==3.2.0 /usr/lib/python3.9/site-packages
2023-08-16T15:01:46.774876+00:00 DEBUG 'ansible_navigator.main' pygobject==3.40.1 /usr/lib64/python3.9/site-packages
2023-08-16T15:01:46.774894+00:00 DEBUG 'ansible_navigator.main' pyinotify==0.9.6 /usr/lib/python3.9/site-packages
2023-08-16T15:01:46.774911+00:00 DEBUG 'ansible_navigator.main' pyopenssl==19.1.0 /usr/lib/python3.9/site-packages
2023-08-16T15:01:46.774928+00:00 DEBUG 'ansible_navigator.main' pyparsing==2.4.7 /usr/lib/python3.9/site-packages
2023-08-16T15:01:46.774945+00:00 DEBUG 'ansible_navigator.main' pyrsistent==0.17.3 /usr/lib64/python3.9/site-packages
2023-08-16T15:01:46.774963+00:00 DEBUG 'ansible_navigator.main' pyserial==3.4 /usr/lib/python3.9/site-packages
2023-08-16T15:01:46.774980+00:00 DEBUG 'ansible_navigator.main' pysocks==1.7.1 /usr/lib/python3.9/site-packages
2023-08-16T15:01:46.774997+00:00 DEBUG 'ansible_navigator.main' python-daemon==2.3.0 /usr/lib/python3.9/site-packages
2023-08-16T15:01:46.775014+00:00 DEBUG 'ansible_navigator.main' python-dateutil==2.8.1 /usr/lib/python3.9/site-packages
2023-08-16T15:01:46.775037+00:00 DEBUG 'ansible_navigator.main' python-dmidecode==3.12.2 /usr/lib64/python3.9/site-packages
2023-08-16T15:01:46.775055+00:00 DEBUG 'ansible_navigator.main' python-linux-procfs==0.7.0 /usr/lib/python3.9/site-packages
2023-08-16T15:01:46.775072+00:00 DEBUG 'ansible_navigator.main' pytz==2021.3 /usr/lib/python3.9/site-packages
2023-08-16T15:01:46.775089+00:00 DEBUG 'ansible_navigator.main' pyudev==0.22.0 /usr/lib/python3.9/site-packages
2023-08-16T15:01:46.775109+00:00 DEBUG 'ansible_navigator.main' pyxdg==0.27 /usr/lib/python3.9/site-packages
2023-08-16T15:01:46.775127+00:00 DEBUG 'ansible_navigator.main' pyyaml==5.4.1 /usr/lib64/python3.9/site-packages
2023-08-16T15:01:46.775144+00:00 DEBUG 'ansible_navigator.main' requests==2.27.1 /usr/lib/python3.9/site-packages
2023-08-16T15:01:46.775161+00:00 DEBUG 'ansible_navigator.main' requirements-parser==0.2.0 /usr/lib/python3.9/site-packages
2023-08-16T15:01:46.775178+00:00 DEBUG 'ansible_navigator.main' resolvelib==0.5.4 /usr/lib/python3.9/site-packages
2023-08-16T15:01:46.775195+00:00 DEBUG 'ansible_navigator.main' rpm==4.16.1.3 /usr/lib64/python3.9/site-packages
2023-08-16T15:01:46.775213+00:00 DEBUG 'ansible_navigator.main' selinux==3.3 /usr/lib64/python3.9/site-packages
2023-08-16T15:01:46.775230+00:00 DEBUG 'ansible_navigator.main' sepolicy==3.3 /usr/lib/python3.9/site-packages
2023-08-16T15:01:46.775247+00:00 DEBUG 'ansible_navigator.main' setools==4.4.0 /usr/lib64/python3.9/site-packages
2023-08-16T15:01:46.775264+00:00 DEBUG 'ansible_navigator.main' setroubleshoot==1.1 /usr/lib/python3.9/site-packages
2023-08-16T15:01:46.775281+00:00 DEBUG 'ansible_navigator.main' setuptools==53.0.0 /usr/lib/python3.9/site-packages
2023-08-16T15:01:46.775299+00:00 DEBUG 'ansible_navigator.main' six==1.16.0 /usr/lib/python3.9/site-packages
2023-08-16T15:01:46.775316+00:00 DEBUG 'ansible_navigator.main' sos==4.2 /usr/lib/python3.9/site-packages
2023-08-16T15:01:46.775334+00:00 DEBUG 'ansible_navigator.main' subscription-manager==1.29.26 /usr/lib64/python3.9/site-packages
2023-08-16T15:01:46.775351+00:00 DEBUG 'ansible_navigator.main' systemd-python==234 /usr/lib64/python3.9/site-packages
2023-08-16T15:01:46.775368+00:00 DEBUG 'ansible_navigator.main' urllib3==1.26.8 /usr/lib/python3.9/site-packages
2023-08-16T15:01:46.775385+00:00 DEBUG 'ansible_navigator.main' virtualenv==20.14.1 /usr/local/lib/python3.9/site-packages
2023-08-16T15:01:46.775402+00:00 DEBUG 'ansible_navigator.main' Share directory '/usr/lib/python3.9/share/ansible_navigator' not found (development path)
2023-08-16T15:01:46.775423+00:00 DEBUG 'ansible_navigator.main' Share directory '/home/student/.local/share/ansible_navigator' not found (userbase)
2023-08-16T15:01:46.775441+00:00 DEBUG 'ansible_navigator.main' Share directory '/usr/share/ansible_navigator' found (sys.prefix)
2023-08-16T15:01:46.775458+00:00 DEBUG 'ansible_navigator.main' Default collection_doc_cache_path set to: /home/student/.cache/ansible-navigator/collection_doc_cache.db
2023-08-16T15:01:46.775475+00:00 DEBUG 'ansible_navigator.main' EDITOR environment variable not set
2023-08-16T15:01:46.775492+00:00 DEBUG 'ansible_navigator.main' Default editor_command set to: vi +{line_number} {filename}
2023-08-16T15:01:46.775509+00:00 DEBUG 'ansible_navigator.main' No config file set by ANSIBLE_NAVIGATOR_CONFIG
2023-08-16T15:01:46.775526+00:00 DEBUG 'ansible_navigator.main' Looking in /home/student
2023-08-16T15:01:46.775543+00:00 DEBUG 'ansible_navigator.main' Looking for '/home/student/.ansible-navigator.yml', '/home/student/.ansible-navigator.yaml' and '/home/student/.ansible-navigator.json'
2023-08-16T15:01:46.775561+00:00 DEBUG 'ansible_navigator.main' Found 1: '/home/student/.ansible-navigator.yml'
2023-08-16T15:01:46.775578+00:00 DEBUG 'ansible_navigator.main' Looking in /home/student/Github/RH294/Ansible_Playbooks/Chapter4
2023-08-16T15:01:46.775595+00:00 DEBUG 'ansible_navigator.main' Looking for '/home/student/Github/RH294/Ansible_Playbooks/Chapter4/ansible-navigator.yml', '/home/student/Github/RH294/Ansible_Playbooks/Chapter4/ansible-navigator.yaml' and '/home/student/Github/RH294/Ansible_Playbooks/Chapter4/ansible-navigator.json'
2023-08-16T15:01:46.775613+00:00 DEBUG 'ansible_navigator.main' Found 1: '/home/student/Github/RH294/Ansible_Playbooks/Chapter4/ansible-navigator.yml'
2023-08-16T15:01:46.775630+00:00 DEBUG 'ansible_navigator.main' All found 2: '/home/student/.ansible-navigator.yml' and '/home/student/Github/RH294/Ansible_Playbooks/Chapter4/ansible-navigator.yml'
2023-08-16T15:01:46.775691+00:00 DEBUG 'ansible_navigator.main' Using: /home/student/Github/RH294/Ansible_Playbooks/Chapter4/ansible-navigator.yml
2023-08-16T15:01:46.775710+00:00 DEBUG 'ansible_navigator.main' Using settings file at /home/student/Github/RH294/Ansible_Playbooks/Chapter4/ansible-navigator.yml in search path
2023-08-16T15:01:46.775727+00:00 DEBUG 'ansible_navigator.main' Command provided: 'Demo_Error_Handler.yml'
2023-08-16T15:01:46.775744+00:00 DEBUG 'ansible_navigator.main' ansible-navigator.ansible-runner.artifact-dir not found in settings file
2023-08-16T15:01:46.775762+00:00 DEBUG 'ansible_navigator.main' ansible-navigator.ansible-runner.rotate-artifacts-count not found in settings file
2023-08-16T15:01:46.775779+00:00 DEBUG 'ansible_navigator.main' ansible-navigator.ansible-runner.timeout not found in settings file
2023-08-16T15:01:46.775796+00:00 DEBUG 'ansible_navigator.main' ansible-navigator.app not found in settings file
2023-08-16T15:01:46.775813+00:00 DEBUG 'ansible_navigator.main' ansible-navigator.ansible.cmdline not found in settings file
2023-08-16T15:01:46.775838+00:00 DEBUG 'ansible_navigator.main' ansible-navigator.collection-doc-cache-path not found in settings file
2023-08-16T15:01:46.775859+00:00 DEBUG 'ansible_navigator.main' ansible-navigator.execution-environment.container-engine not found in settings file
2023-08-16T15:01:46.775877+00:00 DEBUG 'ansible_navigator.main' ansible-navigator.execution-environment.container-options not found in settings file
2023-08-16T15:01:46.775895+00:00 DEBUG 'ansible_navigator.main' ansible-navigator.color.enable not found in settings file
2023-08-16T15:01:46.775912+00:00 DEBUG 'ansible_navigator.main' ansible-navigator.editor.command not found in settings file
2023-08-16T15:01:46.775930+00:00 DEBUG 'ansible_navigator.main' ansible-navigator.editor.console not found in settings file
2023-08-16T15:01:46.775947+00:00 DEBUG 'ansible_navigator.main' ansible-navigator.exec.command not found in settings file
2023-08-16T15:01:46.775964+00:00 DEBUG 'ansible_navigator.main' ansible-navigator.exec.shell not found in settings file
2023-08-16T15:01:46.775981+00:00 DEBUG 'ansible_navigator.main' ansible-navigator.execution-environment.enabled not found in settings file
2023-08-16T15:01:46.775998+00:00 DEBUG 'ansible_navigator.main' ansible-navigator.execution-environment.volume-mounts not found in settings file
2023-08-16T15:01:46.776015+00:00 DEBUG 'ansible_navigator.main' ansible-navigator.ansible-builder.help not found in settings file
2023-08-16T15:01:46.776039+00:00 DEBUG 'ansible_navigator.main' ansible-navigator.ansible.config.help not found in settings file
2023-08-16T15:01:46.776057+00:00 DEBUG 'ansible_navigator.main' ansible-navigator.ansible.doc.help not found in settings file
2023-08-16T15:01:46.776074+00:00 DEBUG 'ansible_navigator.main' ansible-navigator.ansible.inventory.help not found in settings file
2023-08-16T15:01:46.776091+00:00 DEBUG 'ansible_navigator.main' ansible-navigator.ansible.playbook.help not found in settings file
2023-08-16T15:01:46.776108+00:00 DEBUG 'ansible_navigator.main' ansible-navigator.images.details not found in settings file
2023-08-16T15:01:46.776125+00:00 DEBUG 'ansible_navigator.main' ansible-navigator.ansible.inventory.entries not found in settings file
2023-08-16T15:01:46.776142+00:00 DEBUG 'ansible_navigator.main' ansible-navigator.inventory-columns not found in settings file
2023-08-16T15:01:46.776159+00:00 DEBUG 'ansible_navigator.main' ansible-navigator.ansible-lint.config not found in settings file
2023-08-16T15:01:46.776177+00:00 DEBUG 'ansible_navigator.main' ansible-navigator.ansible-lint.lintables not found in settings file
2023-08-16T15:01:46.776194+00:00 DEBUG 'ansible_navigator.main' ansible-navigator.logging.append not found in settings file
2023-08-16T15:01:46.776211+00:00 DEBUG 'ansible_navigator.main' ansible-navigator.logging.file not found in settings file
2023-08-16T15:01:46.776228+00:00 DEBUG 'ansible_navigator.main' ansible-navigator.logging.level not found in settings file
2023-08-16T15:01:46.776248+00:00 DEBUG 'ansible_navigator.main' ansible-navigator.color.osc4 not found in settings file
2023-08-16T15:01:46.776266+00:00 DEBUG 'ansible_navigator.main' ansible-navigator.execution-environment.environment-variables.pass not found in settings file
2023-08-16T15:01:46.776284+00:00 DEBUG 'ansible_navigator.main' ansible-navigator.ansible.playbook.path not found in settings file
2023-08-16T15:01:46.776301+00:00 DEBUG 'ansible_navigator.main' ansible-navigator.playbook-artifact.replay not found in settings file
2023-08-16T15:01:46.776318+00:00 DEBUG 'ansible_navigator.main' ansible-navigator.playbook-artifact.save-as not found in settings file
2023-08-16T15:01:46.776335+00:00 DEBUG 'ansible_navigator.main' ansible-navigator.ansible.doc.plugin.name not found in settings file
2023-08-16T15:01:46.776353+00:00 DEBUG 'ansible_navigator.main' ansible-navigator.ansible.doc.plugin.type not found in settings file
2023-08-16T15:01:46.776371+00:00 DEBUG 'ansible_navigator.main' ansible-navigator.execution-environment.pull.arguments not found in settings file
2023-08-16T15:01:46.776388+00:00 DEBUG 'ansible_navigator.main' ansible-navigator.execution-environment.environment-variables.set not found in settings file
2023-08-16T15:01:46.776406+00:00 DEBUG 'ansible_navigator.main' ansible-navigator.settings.effective not found in settings file
2023-08-16T15:01:46.776423+00:00 DEBUG 'ansible_navigator.main' ansible-navigator.settings.sample not found in settings file
2023-08-16T15:01:46.776440+00:00 DEBUG 'ansible_navigator.main' ansible-navigator.settings.schema not found in settings file
2023-08-16T15:01:46.776458+00:00 DEBUG 'ansible_navigator.main' ansible-navigator.settings.sources not found in settings file
2023-08-16T15:01:46.776475+00:00 DEBUG 'ansible_navigator.main' ansible-navigator.time-zone not found in settings file
2023-08-16T15:01:46.776492+00:00 DEBUG 'ansible_navigator.main' ansible-navigator.ansible-builder.workdir not found in settings file
2023-08-16T15:01:46.776512+00:00 WARNING 'ansible_navigator.main' Configuration errors encountered, rolling back to previous configuration.
2023-08-16T15:01:46.776530+00:00 DEBUG 'ansible_navigator.main' Prior to rollback: ansible_runner_artifact_dir = 'Not set' (Constants/Not set)
2023-08-16T15:01:46.776547+00:00 DEBUG 'ansible_navigator.main' Prior to rollback: ansible_runner_rotate_artifacts_count = 'Not set' (Constants/Not set)
2023-08-16T15:01:46.776565+00:00 DEBUG 'ansible_navigator.main' Prior to rollback: ansible_runner_timeout = 'Not set' (Constants/Not set)
2023-08-16T15:01:46.776582+00:00 DEBUG 'ansible_navigator.main' Prior to rollback: app = 'welcome' (str/Defaults)
2023-08-16T15:01:46.776599+00:00 DEBUG 'ansible_navigator.main' Prior to rollback: cmdline = '['Demo_Error_Handler.yml']' (list/Command line)
2023-08-16T15:01:46.776616+00:00 DEBUG 'ansible_navigator.main' Prior to rollback: collection_doc_cache_path = '/home/student/.cache/ansible-navigator/collection_doc_cache.db' (str/Defaults)
2023-08-16T15:01:46.776634+00:00 DEBUG 'ansible_navigator.main' Prior to rollback: config = './ansible.cfg' (str/Settings file)
2023-08-16T15:01:46.776651+00:00 DEBUG 'ansible_navigator.main' Prior to rollback: container_engine = 'auto' (str/Defaults)
2023-08-16T15:01:46.776668+00:00 DEBUG 'ansible_navigator.main' Prior to rollback: container_options = 'Not set' (Constants/Not set)
2023-08-16T15:01:46.776685+00:00 DEBUG 'ansible_navigator.main' Prior to rollback: display_color = 'True' (bool/Defaults)
2023-08-16T15:01:46.776702+00:00 DEBUG 'ansible_navigator.main' Prior to rollback: editor_command = 'vi +{line_number} {filename}' (str/Defaults)
2023-08-16T15:01:46.776719+00:00 DEBUG 'ansible_navigator.main' Prior to rollback: editor_console = 'True' (bool/Defaults)
2023-08-16T15:01:46.776736+00:00 DEBUG 'ansible_navigator.main' Prior to rollback: exec_command = '/bin/bash' (str/Defaults)
2023-08-16T15:01:46.776753+00:00 DEBUG 'ansible_navigator.main' Prior to rollback: exec_shell = 'True' (bool/Defaults)
2023-08-16T15:01:46.776771+00:00 DEBUG 'ansible_navigator.main' Prior to rollback: execution_environment = 'True' (bool/Defaults)
2023-08-16T15:01:46.776790+00:00 DEBUG 'ansible_navigator.main' Prior to rollback: execution_environment_image = 'utility.lab.example.com/ee-supported-rhel8:latest' (str/Settings file)
2023-08-16T15:01:46.776809+00:00 DEBUG 'ansible_navigator.main' Prior to rollback: execution_environment_volume_mounts = 'Not set' (Constants/Not set)
2023-08-16T15:01:46.776826+00:00 DEBUG 'ansible_navigator.main' Prior to rollback: help_builder = 'False' (bool/Defaults)
2023-08-16T15:01:46.776852+00:00 DEBUG 'ansible_navigator.main' Prior to rollback: help_config = 'False' (bool/Defaults)
2023-08-16T15:01:46.776870+00:00 DEBUG 'ansible_navigator.main' Prior to rollback: help_doc = 'False' (bool/Defaults)
2023-08-16T15:01:46.776888+00:00 DEBUG 'ansible_navigator.main' Prior to rollback: help_inventory = 'False' (bool/Defaults)
2023-08-16T15:01:46.776905+00:00 DEBUG 'ansible_navigator.main' Prior to rollback: help_playbook = 'False' (bool/Defaults)
2023-08-16T15:01:46.776922+00:00 DEBUG 'ansible_navigator.main' Prior to rollback: images_details = '['everything']' (list/Defaults)
2023-08-16T15:01:46.776940+00:00 DEBUG 'ansible_navigator.main' Prior to rollback: inventory = 'Not set' (Constants/Not set)
2023-08-16T15:01:46.776957+00:00 DEBUG 'ansible_navigator.main' Prior to rollback: inventory_column = 'Not set' (Constants/Not set)
2023-08-16T15:01:46.776974+00:00 DEBUG 'ansible_navigator.main' Prior to rollback: lint_config = 'Not set' (Constants/Not set)
2023-08-16T15:01:46.776992+00:00 DEBUG 'ansible_navigator.main' Prior to rollback: lintables = 'Not set' (Constants/Not set)
2023-08-16T15:01:46.777009+00:00 DEBUG 'ansible_navigator.main' Prior to rollback: log_append = 'True' (bool/Defaults)
2023-08-16T15:01:46.777032+00:00 DEBUG 'ansible_navigator.main' Prior to rollback: log_file = '/home/student/Github/RH294/Ansible_Playbooks/Chapter4/ansible-navigator.log' (str/Defaults)
2023-08-16T15:01:46.777051+00:00 DEBUG 'ansible_navigator.main' Prior to rollback: log_level = 'warning' (str/Defaults)
2023-08-16T15:01:46.777069+00:00 DEBUG 'ansible_navigator.main' Prior to rollback: mode = 'stdout' (str/Settings file)
2023-08-16T15:01:46.777086+00:00 DEBUG 'ansible_navigator.main' Prior to rollback: osc4 = 'True' (bool/Defaults)
2023-08-16T15:01:46.777104+00:00 DEBUG 'ansible_navigator.main' Prior to rollback: pass_environment_variable = 'Not set' (Constants/Not set)
2023-08-16T15:01:46.777121+00:00 DEBUG 'ansible_navigator.main' Prior to rollback: playbook = 'Not set' (Constants/Not set)
2023-08-16T15:01:46.777139+00:00 DEBUG 'ansible_navigator.main' Prior to rollback: playbook_artifact_enable = 'False' (bool/Settings file)
2023-08-16T15:01:46.777156+00:00 DEBUG 'ansible_navigator.main' Prior to rollback: playbook_artifact_replay = 'Not set' (Constants/Not set)
2023-08-16T15:01:46.777174+00:00 DEBUG 'ansible_navigator.main' Prior to rollback: playbook_artifact_save_as = '{playbook_dir}/{playbook_name}-artifact-{time_stamp}.json' (str/Defaults)
2023-08-16T15:01:46.777191+00:00 DEBUG 'ansible_navigator.main' Prior to rollback: plugin_name = 'Not set' (Constants/Not set)
2023-08-16T15:01:46.777209+00:00 DEBUG 'ansible_navigator.main' Prior to rollback: plugin_type = 'module' (str/Defaults)
2023-08-16T15:01:46.777226+00:00 DEBUG 'ansible_navigator.main' Prior to rollback: pull_arguments = 'Not set' (Constants/Not set)
2023-08-16T15:01:46.777244+00:00 DEBUG 'ansible_navigator.main' Prior to rollback: pull_policy = 'missing' (str/Settings file)
2023-08-16T15:01:46.777261+00:00 DEBUG 'ansible_navigator.main' Prior to rollback: set_environment_variable = 'Not set' (Constants/Not set)
2023-08-16T15:01:46.777278+00:00 DEBUG 'ansible_navigator.main' Prior to rollback: settings_effective = 'False' (bool/Defaults)
2023-08-16T15:01:46.777296+00:00 DEBUG 'ansible_navigator.main' Prior to rollback: settings_sample = 'False' (bool/Defaults)
2023-08-16T15:01:46.777313+00:00 DEBUG 'ansible_navigator.main' Prior to rollback: settings_schema = 'json' (str/Defaults)
2023-08-16T15:01:46.777333+00:00 DEBUG 'ansible_navigator.main' Prior to rollback: settings_sources = 'False' (bool/Defaults)
2023-08-16T15:01:46.777352+00:00 DEBUG 'ansible_navigator.main' Prior to rollback: time_zone = 'UTC' (str/Defaults)
2023-08-16T15:01:46.777369+00:00 DEBUG 'ansible_navigator.main' Prior to rollback: workdir = '/home/student/Github/RH294/Ansible_Playbooks/Chapter4' (str/Defaults)
2023-08-16T15:01:46.777386+00:00 DEBUG 'ansible_navigator.main' After rollback: ansible_runner_artifact_dir = 'Not set' (Constants/Not set)
2023-08-16T15:01:46.777404+00:00 DEBUG 'ansible_navigator.main' After rollback: ansible_runner_rotate_artifacts_count = 'Not set' (Constants/Not set)
2023-08-16T15:01:46.777421+00:00 DEBUG 'ansible_navigator.main' After rollback: ansible_runner_timeout = 'Not set' (Constants/Not set)
2023-08-16T15:01:46.777439+00:00 DEBUG 'ansible_navigator.main' After rollback: app = 'Not set' (Constants/Not set)
2023-08-16T15:01:46.777456+00:00 DEBUG 'ansible_navigator.main' After rollback: cmdline = 'Not set' (Constants/Not set)
2023-08-16T15:01:46.777473+00:00 DEBUG 'ansible_navigator.main' After rollback: collection_doc_cache_path = 'Not set' (Constants/Not set)
2023-08-16T15:01:46.777491+00:00 DEBUG 'ansible_navigator.main' After rollback: config = 'Not set' (Constants/Not set)
2023-08-16T15:01:46.777508+00:00 DEBUG 'ansible_navigator.main' After rollback: container_engine = 'Not set' (Constants/Not set)
2023-08-16T15:01:46.777526+00:00 DEBUG 'ansible_navigator.main' After rollback: container_options = 'Not set' (Constants/Not set)
2023-08-16T15:01:46.777543+00:00 DEBUG 'ansible_navigator.main' After rollback: display_color = 'Not set' (Constants/Not set)
2023-08-16T15:01:46.777560+00:00 DEBUG 'ansible_navigator.main' After rollback: editor_command = 'Not set' (Constants/Not set)
2023-08-16T15:01:46.777578+00:00 DEBUG 'ansible_navigator.main' After rollback: editor_console = 'Not set' (Constants/Not set)
2023-08-16T15:01:46.777595+00:00 DEBUG 'ansible_navigator.main' After rollback: exec_command = 'Not set' (Constants/Not set)
2023-08-16T15:01:46.777613+00:00 DEBUG 'ansible_navigator.main' After rollback: exec_shell = 'Not set' (Constants/Not set)
2023-08-16T15:01:46.777631+00:00 DEBUG 'ansible_navigator.main' After rollback: execution_environment = 'Not set' (Constants/Not set)
2023-08-16T15:01:46.777648+00:00 DEBUG 'ansible_navigator.main' After rollback: execution_environment_image = 'Not set' (Constants/Not set)
2023-08-16T15:01:46.777665+00:00 DEBUG 'ansible_navigator.main' After rollback: execution_environment_volume_mounts = 'Not set' (Constants/Not set)
2023-08-16T15:01:46.777683+00:00 DEBUG 'ansible_navigator.main' After rollback: help_builder = 'Not set' (Constants/Not set)
2023-08-16T15:01:46.777700+00:00 DEBUG 'ansible_navigator.main' After rollback: help_config = 'Not set' (Constants/Not set)
2023-08-16T15:01:46.777717+00:00 DEBUG 'ansible_navigator.main' After rollback: help_doc = 'Not set' (Constants/Not set)
2023-08-16T15:01:46.777734+00:00 DEBUG 'ansible_navigator.main' After rollback: help_inventory = 'Not set' (Constants/Not set)
2023-08-16T15:01:46.777751+00:00 DEBUG 'ansible_navigator.main' After rollback: help_playbook = 'Not set' (Constants/Not set)
2023-08-16T15:01:46.777769+00:00 DEBUG 'ansible_navigator.main' After rollback: images_details = 'Not set' (Constants/Not set)
2023-08-16T15:01:46.777786+00:00 DEBUG 'ansible_navigator.main' After rollback: inventory = 'Not set' (Constants/Not set)
2023-08-16T15:01:46.777803+00:00 DEBUG 'ansible_navigator.main' After rollback: inventory_column = 'Not set' (Constants/Not set)
2023-08-16T15:01:46.777820+00:00 DEBUG 'ansible_navigator.main' After rollback: lint_config = 'Not set' (Constants/Not set)
2023-08-16T15:01:46.777846+00:00 DEBUG 'ansible_navigator.main' After rollback: lintables = 'Not set' (Constants/Not set)
2023-08-16T15:01:46.777865+00:00 DEBUG 'ansible_navigator.main' After rollback: log_append = 'Not set' (Constants/Not set)
2023-08-16T15:01:46.777882+00:00 DEBUG 'ansible_navigator.main' After rollback: log_file = 'Not set' (Constants/Not set)
2023-08-16T15:01:46.777902+00:00 DEBUG 'ansible_navigator.main' After rollback: log_level = 'Not set' (Constants/Not set)
2023-08-16T15:01:46.777920+00:00 DEBUG 'ansible_navigator.main' After rollback: mode = 'Not set' (Constants/Not set)
2023-08-16T15:01:46.777937+00:00 DEBUG 'ansible_navigator.main' After rollback: osc4 = 'Not set' (Constants/Not set)
2023-08-16T15:01:46.777955+00:00 DEBUG 'ansible_navigator.main' After rollback: pass_environment_variable = 'Not set' (Constants/Not set)
2023-08-16T15:01:46.777972+00:00 DEBUG 'ansible_navigator.main' After rollback: playbook = 'Not set' (Constants/Not set)
2023-08-16T15:01:46.777990+00:00 DEBUG 'ansible_navigator.main' After rollback: playbook_artifact_enable = 'Not set' (Constants/Not set)
2023-08-16T15:01:46.778007+00:00 DEBUG 'ansible_navigator.main' After rollback: playbook_artifact_replay = 'Not set' (Constants/Not set)
2023-08-16T15:01:46.778029+00:00 DEBUG 'ansible_navigator.main' After rollback: playbook_artifact_save_as = 'Not set' (Constants/Not set)
2023-08-16T15:01:46.778048+00:00 DEBUG 'ansible_navigator.main' After rollback: plugin_name = 'Not set' (Constants/Not set)
2023-08-16T15:01:46.778065+00:00 DEBUG 'ansible_navigator.main' After rollback: plugin_type = 'Not set' (Constants/Not set)
2023-08-16T15:01:46.778083+00:00 DEBUG 'ansible_navigator.main' After rollback: pull_arguments = 'Not set' (Constants/Not set)
2023-08-16T15:01:46.778100+00:00 DEBUG 'ansible_navigator.main' After rollback: pull_policy = 'Not set' (Constants/Not set)
2023-08-16T15:01:46.778116+00:00 DEBUG 'ansible_navigator.main' After rollback: set_environment_variable = 'Not set' (Constants/Not set)
2023-08-16T15:01:46.778134+00:00 DEBUG 'ansible_navigator.main' After rollback: settings_effective = 'Not set' (Constants/Not set)
2023-08-16T15:01:46.778151+00:00 DEBUG 'ansible_navigator.main' After rollback: settings_sample = 'Not set' (Constants/Not set)
2023-08-16T15:01:46.778168+00:00 DEBUG 'ansible_navigator.main' After rollback: settings_schema = 'Not set' (Constants/Not set)
2023-08-16T15:01:46.778185+00:00 DEBUG 'ansible_navigator.main' After rollback: settings_sources = 'Not set' (Constants/Not set)
2023-08-16T15:01:46.778203+00:00 DEBUG 'ansible_navigator.main' After rollback: time_zone = 'Not set' (Constants/Not set)
2023-08-16T15:01:46.778220+00:00 DEBUG 'ansible_navigator.main' After rollback: workdir = 'Not set' (Constants/Not set)
2023-08-16T15:01:46.778237+00:00 DEBUG 'ansible_navigator.main' Configuration rollback complete.
2023-08-16T15:01:46.778255+00:00 DEBUG 'ansible_navigator.main' Collection doc cache not mounted
2023-08-16T15:01:46.778278+00:00 WARNING 'ansible_navigator.main' Issues were found while applying the settings.
2023-08-16T15:01:46.778299+00:00 INFO 'ansible_navigator.main' Command provided: 'Demo_Error_Handler.yml'
2023-08-16T15:01:46.778321+00:00 ERROR 'ansible_navigator.main' argument {subcommand} --help: invalid choice: 'Demo_Error_Handler.yml' (choose from 'builder', 'collections', 'config', 'doc', 'exec', 'images', 'inventory', 'lint', 'replay', 'run', 'settings', 'welcome')
2023-08-16T15:01:46.778342+00:00 INFO 'ansible_navigator.main' Configuration failed, using default log file location. (/home/student/Github/RH294/Ansible_Playbooks/Chapter4/ansible-navigator.log) Log level set to debug
2023-08-16T15:01:46.778362+00:00 INFO 'ansible_navigator.main' Review the hints and log file to see what went wrong.
