2024-06-25T13:42:49.925501+00:00 INFO 'ansible_navigator.setup_logger' New ansible-navigator instance, logging initialized
2024-06-25T13:42:49.925677+00:00 INFO 'ansible_navigator.setup_logger' New ansible-runner instance, logging initialized
2024-06-25T13:42:49.925721+00:00 DEBUG 'ansible_navigator.main' ansible-builder==1.1.0 /usr/lib/python3.9/site-packages
2024-06-25T13:42:49.925747+00:00 DEBUG 'ansible_navigator.main' ansible-core==2.13.0 /usr/lib/python3.9/site-packages
2024-06-25T13:42:49.925769+00:00 DEBUG 'ansible_navigator.main' ansible-navigator==2.1.0 /usr/lib/python3.9/site-packages
2024-06-25T13:42:49.925789+00:00 DEBUG 'ansible_navigator.main' ansible-runner==2.2.0 /usr/lib/python3.9/site-packages
2024-06-25T13:42:49.925808+00:00 DEBUG 'ansible_navigator.main' attrs==21.4.0 /usr/lib/python3.9/site-packages
2024-06-25T13:42:49.925828+00:00 DEBUG 'ansible_navigator.main' babel==2.9.1 /usr/lib/python3.9/site-packages
2024-06-25T13:42:49.925847+00:00 DEBUG 'ansible_navigator.main' bindep==2.10.2 /usr/lib/python3.9/site-packages
2024-06-25T13:42:49.925866+00:00 DEBUG 'ansible_navigator.main' brlapi==0.8.2 /usr/lib64/python3.9/site-packages
2024-06-25T13:42:49.925934+00:00 DEBUG 'ansible_navigator.main' certifi==2020.6.20 /usr/lib/python3.9/site-packages
2024-06-25T13:42:49.925954+00:00 DEBUG 'ansible_navigator.main' cffi==1.15.0 /usr/lib64/python3.9/site-packages
2024-06-25T13:42:49.925973+00:00 DEBUG 'ansible_navigator.main' chardet==4.0.0 /usr/lib/python3.9/site-packages
2024-06-25T13:42:49.925992+00:00 DEBUG 'ansible_navigator.main' charset-normalizer==2.0.11 /usr/lib/python3.9/site-packages
2024-06-25T13:42:49.926011+00:00 DEBUG 'ansible_navigator.main' chrome-gnome-shell==0.0.0 /usr/lib/python3.9/site-packages
2024-06-25T13:42:49.926030+00:00 DEBUG 'ansible_navigator.main' cloud-init==21.1 /usr/lib/python3.9/site-packages
2024-06-25T13:42:49.926049+00:00 DEBUG 'ansible_navigator.main' configobj==5.0.6 /usr/lib/python3.9/site-packages
2024-06-25T13:42:49.926067+00:00 DEBUG 'ansible_navigator.main' cryptography==36.0.1 /usr/lib64/python3.9/site-packages
2024-06-25T13:42:49.926086+00:00 DEBUG 'ansible_navigator.main' cupshelpers==1.0 /usr/lib/python3.9/site-packages
2024-06-25T13:42:49.926105+00:00 DEBUG 'ansible_navigator.main' dasbus==1.4 /usr/lib/python3.9/site-packages
2024-06-25T13:42:49.926124+00:00 DEBUG 'ansible_navigator.main' dbus-python==1.2.18 /usr/lib64/python3.9/site-packages
2024-06-25T13:42:49.926142+00:00 DEBUG 'ansible_navigator.main' decorator==4.4.2 /usr/lib/python3.9/site-packages
2024-06-25T13:42:49.926161+00:00 DEBUG 'ansible_navigator.main' distlib==0.3.4 /usr/local/lib/python3.9/site-packages
2024-06-25T13:42:49.926180+00:00 DEBUG 'ansible_navigator.main' distro==1.6.0 /usr/lib/python3.9/site-packages
2024-06-25T13:42:49.926198+00:00 DEBUG 'ansible_navigator.main' docutils==0.16 /usr/lib/python3.9/site-packages
2024-06-25T13:42:49.926217+00:00 DEBUG 'ansible_navigator.main' ethtool==0.15 /usr/lib64/python3.9/site-packages
2024-06-25T13:42:49.926235+00:00 DEBUG 'ansible_navigator.main' file-magic==0.4.0 /usr/lib/python3.9/site-packages
2024-06-25T13:42:49.926254+00:00 DEBUG 'ansible_navigator.main' filelock==3.7.0 /usr/local/lib/python3.9/site-packages
2024-06-25T13:42:49.926273+00:00 DEBUG 'ansible_navigator.main' gpg==1.15.1 /usr/lib64/python3.9/site-packages
2024-06-25T13:42:49.926291+00:00 DEBUG 'ansible_navigator.main' idna==3.3 /usr/lib/python3.9/site-packages
2024-06-25T13:42:49.926310+00:00 DEBUG 'ansible_navigator.main' iniparse==0.4 /usr/lib/python3.9/site-packages
2024-06-25T13:42:49.926328+00:00 DEBUG 'ansible_navigator.main' jinja2==3.0.3 /usr/lib/python3.9/site-packages
2024-06-25T13:42:49.926347+00:00 DEBUG 'ansible_navigator.main' jsonpatch==1.21 /usr/lib/python3.9/site-packages
2024-06-25T13:42:49.926365+00:00 DEBUG 'ansible_navigator.main' jsonpointer==2.0 /usr/lib/python3.9/site-packages
2024-06-25T13:42:49.926384+00:00 DEBUG 'ansible_navigator.main' jsonschema==3.2.0 /usr/lib/python3.9/site-packages
2024-06-25T13:42:49.926403+00:00 DEBUG 'ansible_navigator.main' libcomps==0.1.18 /usr/lib64/python3.9/site-packages
2024-06-25T13:42:49.926425+00:00 DEBUG 'ansible_navigator.main' lockfile==0.12.2 /usr/lib/python3.9/site-packages
2024-06-25T13:42:49.926445+00:00 DEBUG 'ansible_navigator.main' lxml==4.6.5 /usr/lib64/python3.9/site-packages
2024-06-25T13:42:49.926464+00:00 DEBUG 'ansible_navigator.main' markupsafe==2.1.0 /usr/lib64/python3.9/site-packages
2024-06-25T13:42:49.926483+00:00 DEBUG 'ansible_navigator.main' netifaces==0.10.6 /usr/lib64/python3.9/site-packages
2024-06-25T13:42:49.926501+00:00 DEBUG 'ansible_navigator.main' nftables==0.1 /usr/lib/python3.9/site-packages
2024-06-25T13:42:49.926520+00:00 DEBUG 'ansible_navigator.main' oauthlib==3.1.1 /usr/lib/python3.9/site-packages
2024-06-25T13:42:49.926540+00:00 DEBUG 'ansible_navigator.main' onigurumacffi==1.1.0 /usr/lib64/python3.9/site-packages
2024-06-25T13:42:49.926559+00:00 DEBUG 'ansible_navigator.main' packaging==21.2 /usr/lib/python3.9/site-packages
2024-06-25T13:42:49.926579+00:00 DEBUG 'ansible_navigator.main' parsley==1.3 /usr/lib/python3.9/site-packages
2024-06-25T13:42:49.926598+00:00 DEBUG 'ansible_navigator.main' pathspec==0.12.1 /home/student/.local/lib/python3.9/site-packages
2024-06-25T13:42:49.926617+00:00 DEBUG 'ansible_navigator.main' pbr==5.8.1 /usr/lib/python3.9/site-packages
2024-06-25T13:42:49.926636+00:00 DEBUG 'ansible_navigator.main' perf==0.1 /usr/lib64/python3.9/site-packages
2024-06-25T13:42:49.926655+00:00 DEBUG 'ansible_navigator.main' pexpect==4.8.0 /usr/lib/python3.9/site-packages
2024-06-25T13:42:49.926674+00:00 DEBUG 'ansible_navigator.main' pip==21.2.3 /usr/lib/python3.9/site-packages
2024-06-25T13:42:49.926693+00:00 DEBUG 'ansible_navigator.main' platformdirs==2.5.2 /usr/local/lib/python3.9/site-packages
2024-06-25T13:42:49.926720+00:00 DEBUG 'ansible_navigator.main' ply==3.11 /usr/lib/python3.9/site-packages
2024-06-25T13:42:49.926739+00:00 DEBUG 'ansible_navigator.main' prettytable==0.7.2 /usr/lib/python3.9/site-packages
2024-06-25T13:42:49.926758+00:00 DEBUG 'ansible_navigator.main' psutil==5.8.0 /usr/lib64/python3.9/site-packages
2024-06-25T13:42:49.926777+00:00 DEBUG 'ansible_navigator.main' ptyprocess==0.6.0 /usr/lib/python3.9/site-packages
2024-06-25T13:42:49.926795+00:00 DEBUG 'ansible_navigator.main' pycairo==1.20.0 /usr/lib64/python3.9/site-packages
2024-06-25T13:42:49.926814+00:00 DEBUG 'ansible_navigator.main' pycparser==2.21 /usr/lib/python3.9/site-packages
2024-06-25T13:42:49.926832+00:00 DEBUG 'ansible_navigator.main' pycups==2.0.1 /usr/lib64/python3.9/site-packages
2024-06-25T13:42:49.926851+00:00 DEBUG 'ansible_navigator.main' pycurl==7.43.0.6 /usr/lib64/python3.9/site-packages
2024-06-25T13:42:49.926869+00:00 DEBUG 'ansible_navigator.main' pyenchant==3.2.0 /usr/lib/python3.9/site-packages
2024-06-25T13:42:49.926898+00:00 DEBUG 'ansible_navigator.main' pygobject==3.40.1 /usr/lib64/python3.9/site-packages
2024-06-25T13:42:49.926918+00:00 DEBUG 'ansible_navigator.main' pyinotify==0.9.6 /usr/lib/python3.9/site-packages
2024-06-25T13:42:49.926937+00:00 DEBUG 'ansible_navigator.main' pyopenssl==19.1.0 /usr/lib/python3.9/site-packages
2024-06-25T13:42:49.926955+00:00 DEBUG 'ansible_navigator.main' pyparsing==2.4.7 /usr/lib/python3.9/site-packages
2024-06-25T13:42:49.926974+00:00 DEBUG 'ansible_navigator.main' pyrsistent==0.17.3 /usr/lib64/python3.9/site-packages
2024-06-25T13:42:49.926992+00:00 DEBUG 'ansible_navigator.main' pyserial==3.4 /usr/lib/python3.9/site-packages
2024-06-25T13:42:49.927024+00:00 DEBUG 'ansible_navigator.main' pysocks==1.7.1 /usr/lib/python3.9/site-packages
2024-06-25T13:42:49.927043+00:00 DEBUG 'ansible_navigator.main' python-daemon==2.3.0 /usr/lib/python3.9/site-packages
2024-06-25T13:42:49.927062+00:00 DEBUG 'ansible_navigator.main' python-dateutil==2.8.1 /usr/lib/python3.9/site-packages
2024-06-25T13:42:49.927081+00:00 DEBUG 'ansible_navigator.main' python-dmidecode==3.12.2 /usr/lib64/python3.9/site-packages
2024-06-25T13:42:49.927100+00:00 DEBUG 'ansible_navigator.main' python-linux-procfs==0.7.0 /usr/lib/python3.9/site-packages
2024-06-25T13:42:49.927119+00:00 DEBUG 'ansible_navigator.main' pytz==2021.3 /usr/lib/python3.9/site-packages
2024-06-25T13:42:49.927146+00:00 DEBUG 'ansible_navigator.main' pyudev==0.22.0 /usr/lib/python3.9/site-packages
2024-06-25T13:42:49.927166+00:00 DEBUG 'ansible_navigator.main' pyxdg==0.27 /usr/lib/python3.9/site-packages
2024-06-25T13:42:49.927185+00:00 DEBUG 'ansible_navigator.main' pyyaml==5.4.1 /usr/lib64/python3.9/site-packages
2024-06-25T13:42:49.927205+00:00 DEBUG 'ansible_navigator.main' requests==2.27.1 /usr/lib/python3.9/site-packages
2024-06-25T13:42:49.927224+00:00 DEBUG 'ansible_navigator.main' requirements-parser==0.2.0 /usr/lib/python3.9/site-packages
2024-06-25T13:42:49.927243+00:00 DEBUG 'ansible_navigator.main' resolvelib==0.5.4 /usr/lib/python3.9/site-packages
2024-06-25T13:42:49.927262+00:00 DEBUG 'ansible_navigator.main' rpm==4.16.1.3 /usr/lib64/python3.9/site-packages
2024-06-25T13:42:49.927281+00:00 DEBUG 'ansible_navigator.main' selinux==3.3 /usr/lib64/python3.9/site-packages
2024-06-25T13:42:49.927300+00:00 DEBUG 'ansible_navigator.main' sepolicy==3.3 /usr/lib/python3.9/site-packages
2024-06-25T13:42:49.927319+00:00 DEBUG 'ansible_navigator.main' setools==4.4.0 /usr/lib64/python3.9/site-packages
2024-06-25T13:42:49.927338+00:00 DEBUG 'ansible_navigator.main' setroubleshoot==1.1 /usr/lib/python3.9/site-packages
2024-06-25T13:42:49.927357+00:00 DEBUG 'ansible_navigator.main' setuptools==53.0.0 /usr/lib/python3.9/site-packages
2024-06-25T13:42:49.927376+00:00 DEBUG 'ansible_navigator.main' six==1.16.0 /usr/lib/python3.9/site-packages
2024-06-25T13:42:49.927395+00:00 DEBUG 'ansible_navigator.main' sos==4.2 /usr/lib/python3.9/site-packages
2024-06-25T13:42:49.927414+00:00 DEBUG 'ansible_navigator.main' subscription-manager==1.29.26 /usr/lib64/python3.9/site-packages
2024-06-25T13:42:49.927433+00:00 DEBUG 'ansible_navigator.main' systemd-python==234 /usr/lib64/python3.9/site-packages
2024-06-25T13:42:49.927452+00:00 DEBUG 'ansible_navigator.main' urllib3==1.26.8 /usr/lib/python3.9/site-packages
2024-06-25T13:42:49.927471+00:00 DEBUG 'ansible_navigator.main' virtualenv==20.14.1 /usr/local/lib/python3.9/site-packages
2024-06-25T13:42:49.927490+00:00 DEBUG 'ansible_navigator.main' yamllint==1.35.1 /home/student/.local/lib/python3.9/site-packages
2024-06-25T13:42:49.927509+00:00 DEBUG 'ansible_navigator.main' Share directory '/usr/lib/python3.9/share/ansible_navigator' not found (development path)
2024-06-25T13:42:49.927528+00:00 DEBUG 'ansible_navigator.main' Share directory '/home/student/.local/share/ansible_navigator' not found (userbase)
2024-06-25T13:42:49.927547+00:00 DEBUG 'ansible_navigator.main' Share directory '/usr/share/ansible_navigator' found (sys.prefix)
2024-06-25T13:42:49.927566+00:00 DEBUG 'ansible_navigator.main' Default collection_doc_cache_path set to: /home/student/.cache/ansible-navigator/collection_doc_cache.db
2024-06-25T13:42:49.927584+00:00 DEBUG 'ansible_navigator.main' EDITOR environment variable not set
2024-06-25T13:42:49.927603+00:00 DEBUG 'ansible_navigator.main' Default editor_command set to: vi +{line_number} {filename}
2024-06-25T13:42:49.927622+00:00 DEBUG 'ansible_navigator.main' No config file set by ANSIBLE_NAVIGATOR_CONFIG
2024-06-25T13:42:49.927641+00:00 DEBUG 'ansible_navigator.main' Looking in /home/student
2024-06-25T13:42:49.927660+00:00 DEBUG 'ansible_navigator.main' Looking for '/home/student/.ansible-navigator.yml', '/home/student/.ansible-navigator.yaml' and '/home/student/.ansible-navigator.json'
2024-06-25T13:42:49.927679+00:00 DEBUG 'ansible_navigator.main' Found 1: '/home/student/.ansible-navigator.yml'
2024-06-25T13:42:49.927704+00:00 DEBUG 'ansible_navigator.main' Looking in /home/student/Github/RH294/Ansible_Playbooks/Chapter3
2024-06-25T13:42:49.927726+00:00 DEBUG 'ansible_navigator.main' Looking for '/home/student/Github/RH294/Ansible_Playbooks/Chapter3/ansible-navigator.yml', '/home/student/Github/RH294/Ansible_Playbooks/Chapter3/ansible-navigator.yaml' and '/home/student/Github/RH294/Ansible_Playbooks/Chapter3/ansible-navigator.json'
2024-06-25T13:42:49.927746+00:00 DEBUG 'ansible_navigator.main' Found 1: '/home/student/Github/RH294/Ansible_Playbooks/Chapter3/ansible-navigator.yml'
2024-06-25T13:42:49.927767+00:00 DEBUG 'ansible_navigator.main' All found 2: '/home/student/.ansible-navigator.yml' and '/home/student/Github/RH294/Ansible_Playbooks/Chapter3/ansible-navigator.yml'
2024-06-25T13:42:49.927787+00:00 DEBUG 'ansible_navigator.main' Using: /home/student/Github/RH294/Ansible_Playbooks/Chapter3/ansible-navigator.yml
2024-06-25T13:42:49.927806+00:00 DEBUG 'ansible_navigator.main' Using settings file at /home/student/Github/RH294/Ansible_Playbooks/Chapter3/ansible-navigator.yml in search path
2024-06-25T13:42:49.927825+00:00 DEBUG 'ansible_navigator.main' Command provided: 'run -m interactive'
2024-06-25T13:42:49.927844+00:00 DEBUG 'ansible_navigator.main' ansible-navigator.ansible-runner.artifact-dir not found in settings file
2024-06-25T13:42:49.927863+00:00 DEBUG 'ansible_navigator.main' ansible-navigator.ansible-runner.rotate-artifacts-count not found in settings file
2024-06-25T13:42:49.927892+00:00 DEBUG 'ansible_navigator.main' ansible-navigator.ansible-runner.timeout not found in settings file
2024-06-25T13:42:49.927912+00:00 DEBUG 'ansible_navigator.main' ansible-navigator.app not found in settings file
2024-06-25T13:42:49.927931+00:00 DEBUG 'ansible_navigator.main' ansible-navigator.ansible.cmdline not found in settings file
2024-06-25T13:42:49.927949+00:00 DEBUG 'ansible_navigator.main' ansible-navigator.collection-doc-cache-path not found in settings file
2024-06-25T13:42:49.927969+00:00 DEBUG 'ansible_navigator.main' ansible-navigator.execution-environment.container-engine not found in settings file
2024-06-25T13:42:49.927987+00:00 DEBUG 'ansible_navigator.main' ansible-navigator.execution-environment.container-options not found in settings file
2024-06-25T13:42:49.928006+00:00 DEBUG 'ansible_navigator.main' ansible-navigator.color.enable not found in settings file
2024-06-25T13:42:49.928025+00:00 DEBUG 'ansible_navigator.main' ansible-navigator.editor.command not found in settings file
2024-06-25T13:42:49.928044+00:00 DEBUG 'ansible_navigator.main' ansible-navigator.editor.console not found in settings file
2024-06-25T13:42:49.928063+00:00 DEBUG 'ansible_navigator.main' ansible-navigator.exec.command not found in settings file
2024-06-25T13:42:49.928095+00:00 DEBUG 'ansible_navigator.main' ansible-navigator.exec.shell not found in settings file
2024-06-25T13:42:49.928113+00:00 DEBUG 'ansible_navigator.main' ansible-navigator.execution-environment.enabled not found in settings file
2024-06-25T13:42:49.928132+00:00 DEBUG 'ansible_navigator.main' ansible-navigator.execution-environment.volume-mounts not found in settings file
2024-06-25T13:42:49.928150+00:00 DEBUG 'ansible_navigator.main' ansible-navigator.ansible-builder.help not found in settings file
2024-06-25T13:42:49.928169+00:00 DEBUG 'ansible_navigator.main' ansible-navigator.ansible.config.help not found in settings file
2024-06-25T13:42:49.928187+00:00 DEBUG 'ansible_navigator.main' ansible-navigator.ansible.doc.help not found in settings file
2024-06-25T13:42:49.928205+00:00 DEBUG 'ansible_navigator.main' ansible-navigator.ansible.inventory.help not found in settings file
2024-06-25T13:42:49.928224+00:00 DEBUG 'ansible_navigator.main' ansible-navigator.ansible.playbook.help not found in settings file
2024-06-25T13:42:49.928242+00:00 DEBUG 'ansible_navigator.main' ansible-navigator.images.details not found in settings file
2024-06-25T13:42:49.928261+00:00 DEBUG 'ansible_navigator.main' ansible-navigator.ansible.inventory.entries not found in settings file
2024-06-25T13:42:49.928280+00:00 DEBUG 'ansible_navigator.main' ansible-navigator.inventory-columns not found in settings file
2024-06-25T13:42:49.928298+00:00 DEBUG 'ansible_navigator.main' ansible-navigator.ansible-lint.config not found in settings file
2024-06-25T13:42:49.928317+00:00 DEBUG 'ansible_navigator.main' ansible-navigator.ansible-lint.lintables not found in settings file
2024-06-25T13:42:49.928335+00:00 DEBUG 'ansible_navigator.main' ansible-navigator.logging.append not found in settings file
2024-06-25T13:42:49.928358+00:00 DEBUG 'ansible_navigator.main' ansible-navigator.logging.file not found in settings file
2024-06-25T13:42:49.928377+00:00 DEBUG 'ansible_navigator.main' ansible-navigator.logging.level not found in settings file
2024-06-25T13:42:49.928396+00:00 DEBUG 'ansible_navigator.main' ansible-navigator.color.osc4 not found in settings file
2024-06-25T13:42:49.928415+00:00 DEBUG 'ansible_navigator.main' ansible-navigator.execution-environment.environment-variables.pass not found in settings file
2024-06-25T13:42:49.928433+00:00 DEBUG 'ansible_navigator.main' ansible-navigator.ansible.playbook.path not found in settings file
2024-06-25T13:42:49.928451+00:00 DEBUG 'ansible_navigator.main' ansible-navigator.playbook-artifact.replay not found in settings file
2024-06-25T13:42:49.928470+00:00 DEBUG 'ansible_navigator.main' ansible-navigator.playbook-artifact.save-as not found in settings file
2024-06-25T13:42:49.928488+00:00 DEBUG 'ansible_navigator.main' ansible-navigator.ansible.doc.plugin.name not found in settings file
2024-06-25T13:42:49.928506+00:00 DEBUG 'ansible_navigator.main' ansible-navigator.ansible.doc.plugin.type not found in settings file
2024-06-25T13:42:49.928524+00:00 DEBUG 'ansible_navigator.main' ansible-navigator.execution-environment.pull.arguments not found in settings file
2024-06-25T13:42:49.928543+00:00 DEBUG 'ansible_navigator.main' ansible-navigator.execution-environment.environment-variables.set not found in settings file
2024-06-25T13:42:49.928561+00:00 DEBUG 'ansible_navigator.main' ansible-navigator.settings.effective not found in settings file
2024-06-25T13:42:49.928580+00:00 DEBUG 'ansible_navigator.main' ansible-navigator.settings.sample not found in settings file
2024-06-25T13:42:49.928598+00:00 DEBUG 'ansible_navigator.main' ansible-navigator.settings.schema not found in settings file
2024-06-25T13:42:49.928616+00:00 DEBUG 'ansible_navigator.main' ansible-navigator.settings.sources not found in settings file
2024-06-25T13:42:49.928634+00:00 DEBUG 'ansible_navigator.main' ansible-navigator.time-zone not found in settings file
2024-06-25T13:42:49.928652+00:00 DEBUG 'ansible_navigator.main' ansible-navigator.ansible-builder.workdir not found in settings file
2024-06-25T13:42:49.928670+00:00 DEBUG 'ansible_navigator.main' EE support enabled: using current working directory for 'ansible.cfg'
2024-06-25T13:42:49.928689+00:00 INFO 'ansible_navigator.main' EE support enabled: found 'ansible.cfg' in current working directory.
2024-06-25T13:42:49.928715+00:00 DEBUG 'ansible_navigator.main' Completed post processing for ansible_runner_artifact_dir. (changed=False)
2024-06-25T13:42:49.928734+00:00 DEBUG 'ansible_navigator.main' Completed post processing for ansible_runner_rotate_artifacts_count. (changed=False)
2024-06-25T13:42:49.928752+00:00 DEBUG 'ansible_navigator.main' Completed post processing for ansible_runner_timeout. (changed=False)
2024-06-25T13:42:49.928771+00:00 DEBUG 'ansible_navigator.main' Completed post processing for cmdline. (changed=False)
2024-06-25T13:42:49.928789+00:00 DEBUG 'ansible_navigator.main' Completed post processing for collection_doc_cache_path. (changed=False)
2024-06-25T13:42:49.928807+00:00 DEBUG 'ansible_navigator.main' Completed post processing for container_engine. (changed=True)
2024-06-25T13:42:49.928826+00:00 DEBUG 'ansible_navigator.main'  before: 'auto'
2024-06-25T13:42:49.928847+00:00 DEBUG 'ansible_navigator.main'  after: 'podman'
2024-06-25T13:42:49.928866+00:00 DEBUG 'ansible_navigator.main' Completed post processing for container_options. (changed=False)
2024-06-25T13:42:49.928907+00:00 DEBUG 'ansible_navigator.main' Completed post processing for display_color. (changed=False)
2024-06-25T13:42:49.928929+00:00 DEBUG 'ansible_navigator.main' Completed post processing for execution_environment. (changed=False)
2024-06-25T13:42:49.928947+00:00 DEBUG 'ansible_navigator.main' Completed post processing for execution_environment_image. (changed=False)
2024-06-25T13:42:49.928966+00:00 DEBUG 'ansible_navigator.main' Completed post processing for help_builder. (changed=False)
2024-06-25T13:42:49.928988+00:00 DEBUG 'ansible_navigator.main' Completed post processing for help_config. (changed=False)
2024-06-25T13:42:49.929008+00:00 DEBUG 'ansible_navigator.main' Completed post processing for help_doc. (changed=False)
2024-06-25T13:42:49.929027+00:00 DEBUG 'ansible_navigator.main' Completed post processing for help_inventory. (changed=False)
2024-06-25T13:42:49.929045+00:00 DEBUG 'ansible_navigator.main' Completed post processing for help_playbook. (changed=False)
2024-06-25T13:42:49.929064+00:00 DEBUG 'ansible_navigator.main' Completed post processing for images_details. (changed=False)
2024-06-25T13:42:49.929082+00:00 DEBUG 'ansible_navigator.main' Completed post processing for inventory. (changed=True)
2024-06-25T13:42:49.929101+00:00 DEBUG 'ansible_navigator.main'  before: 'Not set'
2024-06-25T13:42:49.929120+00:00 DEBUG 'ansible_navigator.main'  after: '['/home/student/Github/RH294/Ansible_Playbooks/Chapter3/inventory']'
2024-06-25T13:42:49.929138+00:00 DEBUG 'ansible_navigator.main' Completed post processing for inventory_column. (changed=False)
2024-06-25T13:42:49.929156+00:00 DEBUG 'ansible_navigator.main' Completed post processing for log_file. (changed=False)
2024-06-25T13:42:49.929175+00:00 DEBUG 'ansible_navigator.main' Completed post processing for pass_environment_variable. (changed=False)
2024-06-25T13:42:49.929193+00:00 DEBUG 'ansible_navigator.main' Completed post processing for playbook. (changed=False)
2024-06-25T13:42:49.929212+00:00 DEBUG 'ansible_navigator.main' Completed post processing for playbook_artifact_replay. (changed=False)
2024-06-25T13:42:49.929231+00:00 DEBUG 'ansible_navigator.main' Completed post processing for playbook_artifact_save_as. (changed=False)
2024-06-25T13:42:49.929250+00:00 DEBUG 'ansible_navigator.main' Completed post processing for plugin_name. (changed=False)
2024-06-25T13:42:49.929269+00:00 DEBUG 'ansible_navigator.main' Completed post processing for pull_arguments. (changed=False)
2024-06-25T13:42:49.929287+00:00 DEBUG 'ansible_navigator.main' Completed post processing for set_environment_variable. (changed=False)
2024-06-25T13:42:49.929305+00:00 DEBUG 'ansible_navigator.main' Completed post processing for settings_effective. (changed=False)
2024-06-25T13:42:49.929324+00:00 DEBUG 'ansible_navigator.main' Completed post processing for settings_sample. (changed=False)
2024-06-25T13:42:49.929342+00:00 DEBUG 'ansible_navigator.main' Completed post processing for settings_schema. (changed=False)
2024-06-25T13:42:49.929361+00:00 DEBUG 'ansible_navigator.main' Completed post processing for settings_sources. (changed=False)
2024-06-25T13:42:49.929379+00:00 DEBUG 'ansible_navigator.main' Completed post processing for time_zone. (changed=False)
2024-06-25T13:42:49.929398+00:00 DEBUG 'ansible_navigator.main' Completed post processing for execution_environment_volume_mounts. (changed=False)
2024-06-25T13:42:49.929416+00:00 DEBUG 'ansible_navigator.main' Completed post processing for mode. (changed=False)
2024-06-25T13:42:49.929437+00:00 WARNING 'ansible_navigator.main' Configuration errors encountered, rolling back to previous configuration.
2024-06-25T13:42:49.929456+00:00 DEBUG 'ansible_navigator.main' Prior to rollback: ansible_runner_artifact_dir = 'Not set' (Constants/Not set)
2024-06-25T13:42:49.929474+00:00 DEBUG 'ansible_navigator.main' Prior to rollback: ansible_runner_rotate_artifacts_count = 'Not set' (Constants/Not set)
2024-06-25T13:42:49.929492+00:00 DEBUG 'ansible_navigator.main' Prior to rollback: ansible_runner_timeout = 'Not set' (Constants/Not set)
2024-06-25T13:42:49.929511+00:00 DEBUG 'ansible_navigator.main' Prior to rollback: app = 'run' (str/Command line)
2024-06-25T13:42:49.929530+00:00 DEBUG 'ansible_navigator.main' Prior to rollback: cmdline = 'Not set' (Constants/Not set)
2024-06-25T13:42:49.929548+00:00 DEBUG 'ansible_navigator.main' Prior to rollback: collection_doc_cache_path = '/home/student/.cache/ansible-navigator/collection_doc_cache.db' (str/Defaults)
2024-06-25T13:42:49.929569+00:00 DEBUG 'ansible_navigator.main' Prior to rollback: config = './ansible.cfg' (str/Settings file)
2024-06-25T13:42:49.929588+00:00 DEBUG 'ansible_navigator.main' Prior to rollback: container_engine = 'podman' (str/Automatically determined)
2024-06-25T13:42:49.929606+00:00 DEBUG 'ansible_navigator.main' Prior to rollback: container_options = 'Not set' (Constants/Not set)
2024-06-25T13:42:49.929625+00:00 DEBUG 'ansible_navigator.main' Prior to rollback: display_color = 'True' (bool/Defaults)
2024-06-25T13:42:49.929643+00:00 DEBUG 'ansible_navigator.main' Prior to rollback: editor_command = 'vi +{line_number} {filename}' (str/Defaults)
2024-06-25T13:42:49.929662+00:00 DEBUG 'ansible_navigator.main' Prior to rollback: editor_console = 'True' (bool/Defaults)
2024-06-25T13:42:49.929680+00:00 DEBUG 'ansible_navigator.main' Prior to rollback: exec_command = '/bin/bash' (str/Defaults)
2024-06-25T13:42:49.929706+00:00 DEBUG 'ansible_navigator.main' Prior to rollback: exec_shell = 'True' (bool/Defaults)
2024-06-25T13:42:49.929729+00:00 DEBUG 'ansible_navigator.main' Prior to rollback: execution_environment = 'True' (bool/Defaults)
2024-06-25T13:42:49.929747+00:00 DEBUG 'ansible_navigator.main' Prior to rollback: execution_environment_image = 'utility.lab.example.com/ee-supported-rhel8:latest' (str/Settings file)
2024-06-25T13:42:49.929766+00:00 DEBUG 'ansible_navigator.main' Prior to rollback: execution_environment_volume_mounts = 'Not set' (Constants/Not set)
2024-06-25T13:42:49.929785+00:00 DEBUG 'ansible_navigator.main' Prior to rollback: help_builder = 'False' (bool/Defaults)
2024-06-25T13:42:49.929803+00:00 DEBUG 'ansible_navigator.main' Prior to rollback: help_config = 'False' (bool/Defaults)
2024-06-25T13:42:49.929822+00:00 DEBUG 'ansible_navigator.main' Prior to rollback: help_doc = 'False' (bool/Defaults)
2024-06-25T13:42:49.929840+00:00 DEBUG 'ansible_navigator.main' Prior to rollback: help_inventory = 'False' (bool/Defaults)
2024-06-25T13:42:49.929858+00:00 DEBUG 'ansible_navigator.main' Prior to rollback: help_playbook = 'False' (bool/Defaults)
2024-06-25T13:42:49.929919+00:00 DEBUG 'ansible_navigator.main' Prior to rollback: images_details = '['everything']' (list/Defaults)
2024-06-25T13:42:49.929941+00:00 DEBUG 'ansible_navigator.main' Prior to rollback: inventory = '['/home/student/Github/RH294/Ansible_Playbooks/Chapter3/inventory']' (list/Ansible configuration file)
2024-06-25T13:42:49.929960+00:00 DEBUG 'ansible_navigator.main' Prior to rollback: inventory_column = 'Not set' (Constants/Not set)
2024-06-25T13:42:49.929979+00:00 DEBUG 'ansible_navigator.main' Prior to rollback: lint_config = 'Not set' (Constants/Not set)
2024-06-25T13:42:49.929997+00:00 DEBUG 'ansible_navigator.main' Prior to rollback: lintables = 'Not set' (Constants/Not set)
2024-06-25T13:42:49.930015+00:00 DEBUG 'ansible_navigator.main' Prior to rollback: log_append = 'True' (bool/Defaults)
2024-06-25T13:42:49.930033+00:00 DEBUG 'ansible_navigator.main' Prior to rollback: log_file = '/home/student/Github/RH294/Ansible_Playbooks/Chapter3/ansible-navigator.log' (str/Defaults)
2024-06-25T13:42:49.930052+00:00 DEBUG 'ansible_navigator.main' Prior to rollback: log_level = 'warning' (str/Defaults)
2024-06-25T13:42:49.930070+00:00 DEBUG 'ansible_navigator.main' Prior to rollback: mode = 'interactive' (str/Command line)
2024-06-25T13:42:49.930089+00:00 DEBUG 'ansible_navigator.main' Prior to rollback: osc4 = 'True' (bool/Defaults)
2024-06-25T13:42:49.930107+00:00 DEBUG 'ansible_navigator.main' Prior to rollback: pass_environment_variable = 'Not set' (Constants/Not set)
2024-06-25T13:42:49.930125+00:00 DEBUG 'ansible_navigator.main' Prior to rollback: playbook = 'Not set' (Constants/Not set)
2024-06-25T13:42:49.930144+00:00 DEBUG 'ansible_navigator.main' Prior to rollback: playbook_artifact_enable = 'False' (bool/Settings file)
2024-06-25T13:42:49.930162+00:00 DEBUG 'ansible_navigator.main' Prior to rollback: playbook_artifact_replay = 'Not set' (Constants/Not set)
2024-06-25T13:42:49.930181+00:00 DEBUG 'ansible_navigator.main' Prior to rollback: playbook_artifact_save_as = '{playbook_dir}/{playbook_name}-artifact-{time_stamp}.json' (str/Defaults)
2024-06-25T13:42:49.930203+00:00 DEBUG 'ansible_navigator.main' Prior to rollback: plugin_name = 'Not set' (Constants/Not set)
2024-06-25T13:42:49.930222+00:00 DEBUG 'ansible_navigator.main' Prior to rollback: plugin_type = 'module' (str/Defaults)
2024-06-25T13:42:49.930241+00:00 DEBUG 'ansible_navigator.main' Prior to rollback: pull_arguments = 'Not set' (Constants/Not set)
2024-06-25T13:42:49.930259+00:00 DEBUG 'ansible_navigator.main' Prior to rollback: pull_policy = 'missing' (str/Settings file)
2024-06-25T13:42:49.930278+00:00 DEBUG 'ansible_navigator.main' Prior to rollback: set_environment_variable = 'Not set' (Constants/Not set)
2024-06-25T13:42:49.930296+00:00 DEBUG 'ansible_navigator.main' Prior to rollback: settings_effective = 'False' (bool/Defaults)
2024-06-25T13:42:49.930315+00:00 DEBUG 'ansible_navigator.main' Prior to rollback: settings_sample = 'False' (bool/Defaults)
2024-06-25T13:42:49.930333+00:00 DEBUG 'ansible_navigator.main' Prior to rollback: settings_schema = 'json' (str/Defaults)
2024-06-25T13:42:49.930351+00:00 DEBUG 'ansible_navigator.main' Prior to rollback: settings_sources = 'False' (bool/Defaults)
2024-06-25T13:42:49.930370+00:00 DEBUG 'ansible_navigator.main' Prior to rollback: time_zone = 'UTC' (str/Defaults)
2024-06-25T13:42:49.930388+00:00 DEBUG 'ansible_navigator.main' Prior to rollback: workdir = '/home/student/Github/RH294/Ansible_Playbooks/Chapter3' (str/Defaults)
2024-06-25T13:42:49.930406+00:00 DEBUG 'ansible_navigator.main' After rollback: ansible_runner_artifact_dir = 'Not set' (Constants/Not set)
2024-06-25T13:42:49.930424+00:00 DEBUG 'ansible_navigator.main' After rollback: ansible_runner_rotate_artifacts_count = 'Not set' (Constants/Not set)
2024-06-25T13:42:49.930443+00:00 DEBUG 'ansible_navigator.main' After rollback: ansible_runner_timeout = 'Not set' (Constants/Not set)
2024-06-25T13:42:49.930461+00:00 DEBUG 'ansible_navigator.main' After rollback: app = 'Not set' (Constants/Not set)
2024-06-25T13:42:49.930479+00:00 DEBUG 'ansible_navigator.main' After rollback: cmdline = 'Not set' (Constants/Not set)
2024-06-25T13:42:49.930497+00:00 DEBUG 'ansible_navigator.main' After rollback: collection_doc_cache_path = 'Not set' (Constants/Not set)
2024-06-25T13:42:49.930515+00:00 DEBUG 'ansible_navigator.main' After rollback: config = 'Not set' (Constants/Not set)
2024-06-25T13:42:49.930533+00:00 DEBUG 'ansible_navigator.main' After rollback: container_engine = 'Not set' (Constants/Not set)
2024-06-25T13:42:49.930551+00:00 DEBUG 'ansible_navigator.main' After rollback: container_options = 'Not set' (Constants/Not set)
2024-06-25T13:42:49.930569+00:00 DEBUG 'ansible_navigator.main' After rollback: display_color = 'Not set' (Constants/Not set)
2024-06-25T13:42:49.930587+00:00 DEBUG 'ansible_navigator.main' After rollback: editor_command = 'Not set' (Constants/Not set)
2024-06-25T13:42:49.930605+00:00 DEBUG 'ansible_navigator.main' After rollback: editor_console = 'Not set' (Constants/Not set)
2024-06-25T13:42:49.930624+00:00 DEBUG 'ansible_navigator.main' After rollback: exec_command = 'Not set' (Constants/Not set)
2024-06-25T13:42:49.930642+00:00 DEBUG 'ansible_navigator.main' After rollback: exec_shell = 'Not set' (Constants/Not set)
2024-06-25T13:42:49.930660+00:00 DEBUG 'ansible_navigator.main' After rollback: execution_environment = 'Not set' (Constants/Not set)
2024-06-25T13:42:49.930678+00:00 DEBUG 'ansible_navigator.main' After rollback: execution_environment_image = 'Not set' (Constants/Not set)
2024-06-25T13:42:49.930702+00:00 DEBUG 'ansible_navigator.main' After rollback: execution_environment_volume_mounts = 'Not set' (Constants/Not set)
2024-06-25T13:42:49.930724+00:00 DEBUG 'ansible_navigator.main' After rollback: help_builder = 'Not set' (Constants/Not set)
2024-06-25T13:42:49.930742+00:00 DEBUG 'ansible_navigator.main' After rollback: help_config = 'Not set' (Constants/Not set)
2024-06-25T13:42:49.930760+00:00 DEBUG 'ansible_navigator.main' After rollback: help_doc = 'Not set' (Constants/Not set)
2024-06-25T13:42:49.930781+00:00 DEBUG 'ansible_navigator.main' After rollback: help_inventory = 'Not set' (Constants/Not set)
2024-06-25T13:42:49.930800+00:00 DEBUG 'ansible_navigator.main' After rollback: help_playbook = 'Not set' (Constants/Not set)
2024-06-25T13:42:49.930818+00:00 DEBUG 'ansible_navigator.main' After rollback: images_details = 'Not set' (Constants/Not set)
2024-06-25T13:42:49.930836+00:00 DEBUG 'ansible_navigator.main' After rollback: inventory = 'Not set' (Constants/Not set)
2024-06-25T13:42:49.930855+00:00 DEBUG 'ansible_navigator.main' After rollback: inventory_column = 'Not set' (Constants/Not set)
2024-06-25T13:42:49.930879+00:00 DEBUG 'ansible_navigator.main' After rollback: lint_config = 'Not set' (Constants/Not set)
2024-06-25T13:42:49.930901+00:00 DEBUG 'ansible_navigator.main' After rollback: lintables = 'Not set' (Constants/Not set)
2024-06-25T13:42:49.930920+00:00 DEBUG 'ansible_navigator.main' After rollback: log_append = 'Not set' (Constants/Not set)
2024-06-25T13:42:49.930939+00:00 DEBUG 'ansible_navigator.main' After rollback: log_file = 'Not set' (Constants/Not set)
2024-06-25T13:42:49.930957+00:00 DEBUG 'ansible_navigator.main' After rollback: log_level = 'Not set' (Constants/Not set)
2024-06-25T13:42:49.930975+00:00 DEBUG 'ansible_navigator.main' After rollback: mode = 'Not set' (Constants/Not set)
2024-06-25T13:42:49.930993+00:00 DEBUG 'ansible_navigator.main' After rollback: osc4 = 'Not set' (Constants/Not set)
2024-06-25T13:42:49.931011+00:00 DEBUG 'ansible_navigator.main' After rollback: pass_environment_variable = 'Not set' (Constants/Not set)
2024-06-25T13:42:49.931029+00:00 DEBUG 'ansible_navigator.main' After rollback: playbook = 'Not set' (Constants/Not set)
2024-06-25T13:42:49.931048+00:00 DEBUG 'ansible_navigator.main' After rollback: playbook_artifact_enable = 'Not set' (Constants/Not set)
2024-06-25T13:42:49.931066+00:00 DEBUG 'ansible_navigator.main' After rollback: playbook_artifact_replay = 'Not set' (Constants/Not set)
2024-06-25T13:42:49.931084+00:00 DEBUG 'ansible_navigator.main' After rollback: playbook_artifact_save_as = 'Not set' (Constants/Not set)
2024-06-25T13:42:49.931102+00:00 DEBUG 'ansible_navigator.main' After rollback: plugin_name = 'Not set' (Constants/Not set)
2024-06-25T13:42:49.931120+00:00 DEBUG 'ansible_navigator.main' After rollback: plugin_type = 'Not set' (Constants/Not set)
2024-06-25T13:42:49.931138+00:00 DEBUG 'ansible_navigator.main' After rollback: pull_arguments = 'Not set' (Constants/Not set)
2024-06-25T13:42:49.931157+00:00 DEBUG 'ansible_navigator.main' After rollback: pull_policy = 'Not set' (Constants/Not set)
2024-06-25T13:42:49.931175+00:00 DEBUG 'ansible_navigator.main' After rollback: set_environment_variable = 'Not set' (Constants/Not set)
2024-06-25T13:42:49.931193+00:00 DEBUG 'ansible_navigator.main' After rollback: settings_effective = 'Not set' (Constants/Not set)
2024-06-25T13:42:49.931211+00:00 DEBUG 'ansible_navigator.main' After rollback: settings_sample = 'Not set' (Constants/Not set)
2024-06-25T13:42:49.931229+00:00 DEBUG 'ansible_navigator.main' After rollback: settings_schema = 'Not set' (Constants/Not set)
2024-06-25T13:42:49.931248+00:00 DEBUG 'ansible_navigator.main' After rollback: settings_sources = 'Not set' (Constants/Not set)
2024-06-25T13:42:49.931266+00:00 DEBUG 'ansible_navigator.main' After rollback: time_zone = 'Not set' (Constants/Not set)
2024-06-25T13:42:49.931284+00:00 DEBUG 'ansible_navigator.main' After rollback: workdir = 'Not set' (Constants/Not set)
2024-06-25T13:42:49.931303+00:00 DEBUG 'ansible_navigator.main' Configuration rollback complete.
2024-06-25T13:42:49.931321+00:00 DEBUG 'ansible_navigator.main' Collection doc cache not mounted
2024-06-25T13:42:49.931345+00:00 WARNING 'ansible_navigator.main' Issues were found while applying the settings.
2024-06-25T13:42:49.931366+00:00 INFO 'ansible_navigator.main' Command provided: 'run -m interactive'
2024-06-25T13:42:49.931389+00:00 ERROR 'ansible_navigator.main' A playbook is required when using the run subcommand
2024-06-25T13:42:49.931413+00:00 INFO 'ansible_navigator.main' Try again with 'run <playbook name>'
2024-06-25T13:42:49.931434+00:00 INFO 'ansible_navigator.main' Configuration failed, using default log file location. (/home/student/Github/RH294/Ansible_Playbooks/Chapter3/ansible-navigator.log) Log level set to debug
2024-06-25T13:42:49.931455+00:00 INFO 'ansible_navigator.main' Review the hints and log file to see what went wrong.
